SF:lib\core\errors\failure.dart
DA:6,3
DA:8,1
DA:10,2
LF:3
LH:3
end_of_record
SF:lib\features\places\data\datasources\place_datasource.dart
DA:17,1
DA:19,1
DA:22,2
DA:25,2
DA:29,6
DA:32,2
LF:6
LH:6
end_of_record
SF:lib\features\places\data\models\place_model.dart
DA:16,4
LF:1
LH:1
end_of_record
SF:lib\features\places\data\models\place_model.g.dart
DA:9,2
DA:10,2
DA:11,2
DA:12,2
DA:13,2
DA:16,1
DA:17,1
DA:18,1
DA:19,1
DA:20,1
LF:10
LH:10
end_of_record
SF:lib\features\places\domain\entities\place_entity.dart
DA:9,2
LF:1
LH:1
end_of_record
SF:lib\features\places\data\repoImpl\place_repoimpl.dart
DA:12,1
DA:14,1
DA:17,2
LF:3
LH:3
end_of_record
SF:lib\core\usecase\usecase.dart
DA:15,0
DA:19,1
LF:2
LH:1
end_of_record
SF:lib\features\places\domain\usecases\getplaces_usecase.dart
DA:11,1
DA:13,1
DA:15,2
LF:3
LH:3
end_of_record
